<?xml version="1.0" encoding="UTF-8"?>
<testsuite name="SimpleSearchEngineTest" tests="1" skipped="0" failures="0" errors="0" timestamp="2020-04-21T10:13:07" hostname="DESKTOP-5L66I9V" time="5.185">
  <properties/>
  <testcase name="start" classname="SimpleSearchEngineTest" time="5.185"/>
  <system-out><![CDATA[?[1;31m
Start test 1?[0m
Enter number of entries:
>1
Entry all of entries:
>John
Entry the number of search queries:
>1
Enter data to search:
>this text will definitely be no match
Nothing is found
?[1;31m
Start test 2?[0m
Enter number of entries:
>3
Entry all of entries:
>john smith smith@gmail.com
>John lock john_lock@somecompany.com
>help me iamaprogrammer@gmail.com
Entry the number of search queries:
>4
Enter data to search:
>john
Found:
john smith smith@gmail.com
John lock john_lock@somecompany.com
Enter data to search:
>Somecompany
Found:
John lock john_lock@somecompany.com
Enter data to search:
>@
Found:
john smith smith@gmail.com
John lock john_lock@somecompany.com
help me iamaprogrammer@gmail.com
Enter data to search:
>this text will definitely be no match
Nothing is found
]]></system-out>
  <system-err><![CDATA[]]></system-err>
</testsuite>
